{
  "stats": {
    "suites": 1,
    "tests": 1,
    "passes": 1,
    "pending": 0,
    "failures": 0,
    "start": "2026-03-22T17:17:54.810Z",
    "end": "2026-03-22T17:18:00.206Z",
    "duration": 5396,
    "testsRegistered": 1,
    "passPercent": 100,
    "pendingPercent": 0,
    "other": 0,
    "hasOther": false,
    "skipped": 0,
    "hasSkipped": false
  },
  "results": [
    {
      "uuid": "b3eeb2ef-90eb-410f-a4fd-2196a8a7f665",
      "title": "",
      "fullFile": "cypress\\e2e\\auth\\loginoption.cy.js",
      "file": "cypress\\e2e\\auth\\loginoption.cy.js",
      "beforeHooks": [],
      "afterHooks": [],
      "tests": [],
      "suites": [
        {
          "uuid": "258c4cf0-5a38-4f86-8903-7299831415ab",
          "title": "Connexion - Se souvenir de moi",
          "fullFile": "",
          "file": "",
          "beforeHooks": [],
          "afterHooks": [],
          "tests": [
            {
              "title": "Doit rester connecté après rafraîchissement si \"Se souvenir de moi\" est coché",
              "fullTitle": "Connexion - Se souvenir de moi Doit rester connecté après rafraîchissement si \"Se souvenir de moi\" est coché",
              "timedOut": null,
              "duration": 2632,
              "state": "passed",
              "speed": "fast",
              "pass": true,
              "fail": false,
              "pending": false,
              "context": null,
              "code": "cy.fixture('users').then(users => {\n  const user = users.loginUser;\n  // ---------------------------\n  // Remplir le formulaire de login\n  // ---------------------------\n  loginPage.emailInput().should('be.visible').type(user.email);\n  loginPage.passwordInput().should('be.visible').type(user.password);\n  // ---------------------------\n  // Cocher \"Se souvenir de moi\"\n  // ---------------------------\n  cy.get('[data-testid=\"checkbox-remember\"]').should('be.visible').check().should('be.checked');\n  // ---------------------------\n  // Se connecter\n  // ---------------------------\n  loginPage.loginButton().scrollIntoView().click({\n    force: true\n  });\n  // ---------------------------\n  // Vérifier connexion réussie\n  // ---------------------------\n  dashboardPage.dashboardGreeting().should('be.visible').and('contain.text', 'Bonjour');\n});",
              "err": {},
              "uuid": "d42686eb-d7e0-48ca-8d14-24deb069eeb8",
              "parentUUID": "258c4cf0-5a38-4f86-8903-7299831415ab",
              "isHook": false,
              "skipped": false
            }
          ],
          "suites": [],
          "passes": [
            "d42686eb-d7e0-48ca-8d14-24deb069eeb8"
          ],
          "failures": [],
          "pending": [],
          "skipped": [],
          "duration": 2632,
          "root": false,
          "rootEmpty": false,
          "_timeout": 2000
        }
      ],
      "passes": [],
      "failures": [],
      "pending": [],
      "skipped": [],
      "duration": 0,
      "root": true,
      "rootEmpty": true,
      "_timeout": 2000
    }
  ],
  "meta": {
    "mocha": {
      "version": "7.2.0"
    },
    "mochawesome": {
      "options": {
        "quiet": false,
        "reportFilename": "mochawesome",
        "saveHtml": false,
        "saveJson": true,
        "consoleReporter": "spec",
        "useInlineDiffs": false,
        "code": true
      },
      "version": "7.1.4"
    },
    "marge": {
      "options": {
        "reportDir": "cypress/reports/mocha",
        "overwrite": false,
        "html": false,
        "json": true
      },
      "version": "6.3.2"
    }
  }
}