{
  "stats": {
    "suites": 1,
    "tests": 2,
    "passes": 2,
    "pending": 0,
    "failures": 0,
    "start": "2026-03-06T08:40:04.487Z",
    "end": "2026-03-06T08:40:08.612Z",
    "duration": 4125,
    "testsRegistered": 2,
    "passPercent": 100,
    "pendingPercent": 0,
    "other": 0,
    "hasOther": false,
    "skipped": 0,
    "hasSkipped": false
  },
  "results": [
    {
      "uuid": "bcc36f34-5962-420a-aa9a-c117a9b282bb",
      "title": "",
      "fullFile": "cypress\\e2e\\transfers\\internal-transfert.cy.js",
      "file": "cypress\\e2e\\transfers\\internal-transfert.cy.js",
      "beforeHooks": [],
      "afterHooks": [],
      "tests": [],
      "suites": [
        {
          "uuid": "d1f4d42f-4874-4010-9926-78d2321ee7ad",
          "title": "Virements entre comptes propres",
          "fullFile": "",
          "file": "",
          "beforeHooks": [],
          "afterHooks": [],
          "tests": [
            {
              "title": "Doit effectuer un virement du compte courant vers le Livret A",
              "fullTitle": "Virements entre comptes propres Doit effectuer un virement du compte courant vers le Livret A",
              "timedOut": null,
              "duration": 2117,
              "state": "passed",
              "speed": "fast",
              "pass": true,
              "fail": false,
              "pending": false,
              "context": null,
              "code": "const user = this.transferData.balanceUser; // Accéder aux données de l'utilisateur depuis transfer.json\nconst transferAmount = user.transfer.amount; // Montant du virement depuis la fixture\n// ---------------------------\n// Connexion\n// ---------------------------\nloginPage.login(user.email, user.password);\n// Vérification message de bienvenue\ndashboardPage.verifyGreeting('Utilisateur 👋');\n// ---------------------------\n// Aller sur l'onglet Virements\n// ---------------------------\ntransferPage.transferTab().click();\n// Vérifier qu'on est sur la page de virement\ntransferPage.transferTitle().should('be.visible');\n// ---------------------------\n// Effectuer le virement\n// ---------------------------\ntransferPage.makeTransfer('Compte Courant - 5 000,00 €',\n// Compte débiteur\n'Livret A - 15 000,00 €',\n// Compte créditeur\ntransferAmount // Montant depuis la fixture\n);\n// ---------------------------\n// Vérifier le message de succès\n// ---------------------------\ncy.get('#transfer-success').should('be.visible').and('contain.text', this.successMessages.transfer.success); // Vérifier que le texte est correct en utilisant la fixture",
              "err": {},
              "uuid": "5781f049-07ce-4c13-8c31-b0c3024ffa1a",
              "parentUUID": "d1f4d42f-4874-4010-9926-78d2321ee7ad",
              "isHook": false,
              "skipped": false
            },
            {
              "title": "Doit afficher un message d'erreur en cas de solde insuffisant",
              "fullTitle": "Virements entre comptes propres Doit afficher un message d'erreur en cas de solde insuffisant",
              "timedOut": null,
              "duration": 1875,
              "state": "passed",
              "speed": "fast",
              "pass": true,
              "fail": false,
              "pending": false,
              "context": null,
              "code": "const user = this.transferData.balanceUser; // Accéder aux données de l'utilisateur depuis transfer.json\nconst insufficientAmount = this.transferData.balanceUser.insufficientBalanceTransfer.amount; // Montant du transfert avec solde insuffisant\n// Charger le message d'erreur depuis la fixture\ncy.fixture('error-message').then(errors => {\n  const insufficientBalanceError = errors.transfer.insufficientBalance; // Récupérer le message d'erreur de la fixture\n  // ---------------------------\n  // Connexion\n  // ---------------------------\n  loginPage.login(user.email, user.password);\n  // Vérification message de bienvenue\n  dashboardPage.verifyGreeting('Utilisateur 👋');\n  // ---------------------------\n  // Aller sur l'onglet Virements\n  // ---------------------------\n  transferPage.transferTab().click();\n  // Vérifier qu'on est sur la page de virement\n  transferPage.transferTitle().should('be.visible');\n  // ---------------------------\n  // Essayer d'effectuer le virement avec un solde insuffisant\n  // ---------------------------\n  transferPage.makeTransfer('Compte Courant - 5 000,00 €',\n  // Compte débiteur\n  'Livret A - 15 000,00 €',\n  // Compte créditeur\n  insufficientAmount // Montant du transfert avec solde insuffisant\n  );\n  // ---------------------------\n  // Vérifier le message d'erreur de solde insuffisant\n  // ---------------------------\n  cy.get('#transfer-error').should('be.visible').and('contain.text', insufficientBalanceError); // Message d'erreur attendu\n});",
              "err": {},
              "uuid": "ab5a3579-69ad-480b-816b-4d7662fc0cd3",
              "parentUUID": "d1f4d42f-4874-4010-9926-78d2321ee7ad",
              "isHook": false,
              "skipped": false
            }
          ],
          "suites": [],
          "passes": [
            "5781f049-07ce-4c13-8c31-b0c3024ffa1a",
            "ab5a3579-69ad-480b-816b-4d7662fc0cd3"
          ],
          "failures": [],
          "pending": [],
          "skipped": [],
          "duration": 3992,
          "root": false,
          "rootEmpty": false,
          "_timeout": 2000
        }
      ],
      "passes": [],
      "failures": [],
      "pending": [],
      "skipped": [],
      "duration": 0,
      "root": true,
      "rootEmpty": true,
      "_timeout": 2000
    }
  ],
  "meta": {
    "mocha": {
      "version": "7.2.0"
    },
    "mochawesome": {
      "options": {
        "quiet": false,
        "reportFilename": "mochawesome",
        "saveHtml": true,
        "saveJson": true,
        "consoleReporter": "spec",
        "useInlineDiffs": false,
        "code": true
      },
      "version": "7.1.4"
    },
    "marge": {
      "options": {
        "reportDir": "cypress/reports",
        "overwrite": true,
        "html": true,
        "json": true
      },
      "version": "6.3.2"
    }
  }
}