{
  "stats": {
    "suites": 1,
    "tests": 2,
    "passes": 2,
    "pending": 0,
    "failures": 0,
    "start": "2026-03-03T14:32:25.023Z",
    "end": "2026-03-03T14:32:29.149Z",
    "duration": 4126,
    "testsRegistered": 2,
    "passPercent": 100,
    "pendingPercent": 0,
    "other": 0,
    "hasOther": false,
    "skipped": 0,
    "hasSkipped": false
  },
  "results": [
    {
      "uuid": "606be0f6-0ed6-4e6e-ab29-4ce44733295b",
      "title": "",
      "fullFile": "cypress\\e2e\\transfers\\internal-transfert.cy.js",
      "file": "cypress\\e2e\\transfers\\internal-transfert.cy.js",
      "beforeHooks": [],
      "afterHooks": [],
      "tests": [],
      "suites": [
        {
          "uuid": "bdd3765e-0798-4ce0-84e9-c5d2459261aa",
          "title": "Virements entre comptes propres",
          "fullFile": "",
          "file": "",
          "beforeHooks": [],
          "afterHooks": [],
          "tests": [
            {
              "title": "Doit effectuer un virement du compte courant vers le Livret A",
              "fullTitle": "Virements entre comptes propres Doit effectuer un virement du compte courant vers le Livret A",
              "timedOut": null,
              "duration": 2149,
              "state": "passed",
              "speed": "fast",
              "pass": true,
              "fail": false,
              "pending": false,
              "context": null,
              "code": "const user = this.transferData.balanceUser; // Accéder aux données de l'utilisateur depuis transfer.json\nconst transferAmount = user.transfer.amount; // Montant du virement depuis la fixture\n// ---------------------------\n// Connexion\n// ---------------------------\nloginPage.login(user.email, user.password);\n// Vérification message de bienvenue\ndashboardPage.verifyGreeting('Utilisateur 👋');\n// ---------------------------\n// Aller sur l'onglet Virements\n// ---------------------------\ntransferPage.transferTab().click();\n// Vérifier qu'on est sur la page de virement\ntransferPage.transferTitle().should('be.visible');\n// ---------------------------\n// Effectuer le virement\n// ---------------------------\ntransferPage.makeTransfer('Compte Courant - 5 000,00 €',\n// Compte débiteur\n'Livret A - 15 000,00 €',\n// Compte créditeur\ntransferAmount // Montant depuis la fixture\n);\n// ---------------------------\n// Vérifier le message de succès\n// ---------------------------\ncy.get('#transfer-success').should('be.visible').and('contain.text', this.successMessages.transfer.success); // Vérifier que le texte est correct en utilisant la fixture",
              "err": {},
              "uuid": "a3561a8e-1ff1-4234-a73e-3e17d56c931c",
              "parentUUID": "bdd3765e-0798-4ce0-84e9-c5d2459261aa",
              "isHook": false,
              "skipped": false
            },
            {
              "title": "Doit afficher un message d'erreur en cas de solde insuffisant",
              "fullTitle": "Virements entre comptes propres Doit afficher un message d'erreur en cas de solde insuffisant",
              "timedOut": null,
              "duration": 1888,
              "state": "passed",
              "speed": "fast",
              "pass": true,
              "fail": false,
              "pending": false,
              "context": null,
              "code": "const user = this.transferData.balanceUser; // Accéder aux données de l'utilisateur depuis transfer.json\nconst insufficientAmount = this.transferData.balanceUser.insufficientBalanceTransfer.amount; // Montant du transfert avec solde insuffisant\n// Charger le message d'erreur depuis la fixture\ncy.fixture('error-message').then(errors => {\n  const insufficientBalanceError = errors.transfer.insufficientBalance; // Récupérer le message d'erreur de la fixture\n  // ---------------------------\n  // Connexion\n  // ---------------------------\n  loginPage.login(user.email, user.password);\n  // Vérification message de bienvenue\n  dashboardPage.verifyGreeting('Utilisateur 👋');\n  // ---------------------------\n  // Aller sur l'onglet Virements\n  // ---------------------------\n  transferPage.transferTab().click();\n  // Vérifier qu'on est sur la page de virement\n  transferPage.transferTitle().should('be.visible');\n  // ---------------------------\n  // Essayer d'effectuer le virement avec un solde insuffisant\n  // ---------------------------\n  transferPage.makeTransfer('Compte Courant - 5 000,00 €',\n  // Compte débiteur\n  'Livret A - 15 000,00 €',\n  // Compte créditeur\n  insufficientAmount // Montant du transfert avec solde insuffisant\n  );\n  // ---------------------------\n  // Vérifier le message d'erreur de solde insuffisant\n  // ---------------------------\n  cy.get('#transfer-error').should('be.visible').and('contain.text', insufficientBalanceError); // Message d'erreur attendu\n});",
              "err": {},
              "uuid": "813eb968-9763-464f-a3ed-f4c7396e3369",
              "parentUUID": "bdd3765e-0798-4ce0-84e9-c5d2459261aa",
              "isHook": false,
              "skipped": false
            }
          ],
          "suites": [],
          "passes": [
            "a3561a8e-1ff1-4234-a73e-3e17d56c931c",
            "813eb968-9763-464f-a3ed-f4c7396e3369"
          ],
          "failures": [],
          "pending": [],
          "skipped": [],
          "duration": 4037,
          "root": false,
          "rootEmpty": false,
          "_timeout": 2000
        }
      ],
      "passes": [],
      "failures": [],
      "pending": [],
      "skipped": [],
      "duration": 0,
      "root": true,
      "rootEmpty": true,
      "_timeout": 2000
    }
  ],
  "meta": {
    "mocha": {
      "version": "7.2.0"
    },
    "mochawesome": {
      "options": {
        "quiet": false,
        "reportFilename": "mochawesome",
        "saveHtml": true,
        "saveJson": true,
        "consoleReporter": "spec",
        "useInlineDiffs": false,
        "code": true
      },
      "version": "7.1.4"
    },
    "marge": {
      "options": {
        "reportDir": "cypress/reports",
        "overwrite": true,
        "html": true,
        "json": true
      },
      "version": "6.3.2"
    }
  }
}